<?xml version="1.0" encoding="UTF-8"?>
<!-- Generated by org.testng.reporters.JUnitXMLReporter -->
<testsuite ignored="0" hostname="DESKTOP-H0OKICK" failures="0" tests="3" name="Default test" time="27.982" errors="0" timestamp="2024-12-13T10:35:01 IST">
  <testcase classname="com.vstl.scripts.LoginLogoutTest" name="TCID_01_VerifyValidLoginCredentials" time="4.689"/>
  <testcase classname="com.vstl.scripts.LoginLogoutTest" name="TCID_02_VerifyValidUsernameEmptyPassword" time="1.745"/>
  <testcase classname="com.vstl.scripts.LoginLogoutTest" name="TCID_03_VerifyEmptyUsernameValidPassword" time="1.567"/>
</testsuite> <!-- Default test -->
